<?xml version="1.0" encoding="UTF-8"?>
<!-- Generated by org.testng.reporters.JUnitReportReporter -->
<testsuite hostname="ATDEV271L1" failures="0" tests="1" name="FrameWork.test_cases.InvalidLogin" time="6.801" errors="0" timestamp="2024-08-04T21:13:11 IST" skipped="0">
  <testcase classname="FrameWork.test_cases.InvalidLogin" name="invalidlogin" time="6.801"/>
  <system-out/>
</testsuite> <!-- FrameWork.test_cases.InvalidLogin -->
