<?xml version="1.0" encoding="UTF-8"?>
<!-- Generated by org.testng.reporters.JUnitReportReporter -->
<testsuite hostname="ATDEV271L1" failures="0" tests="1" name="FrameWork.test_cases.Orderverify" time="19.710" errors="0" timestamp="2024-07-30T17:55:40 IST" skipped="0">
  <testcase classname="FrameWork.test_cases.Orderverify" name="purchase" time="19.710"/>
  <system-out/>
</testsuite> <!-- FrameWork.test_cases.Orderverify -->
