<?xml version="1.0" encoding="UTF-8"?>
<!-- Generated by org.testng.reporters.JUnitReportReporter -->
<testsuite hostname="ATDEV271L1" failures="0" tests="4" name="FrameWork.test_cases.T1" time="54.153" errors="0" timestamp="2024-08-05T14:58:01 IST" skipped="1">
  <testcase classname="FrameWork.test_cases.T1" name="purchase" time="7.883">
    <skipped/>
  </testcase> <!-- purchase -->
  <system-out/>
  <testcase classname="FrameWork.test_cases.T1" name="purchase" time="18.221"/>
  <system-out/>
  <testcase classname="FrameWork.test_cases.T1" name="purchase" time="20.663"/>
  <system-out/>
  <testcase classname="FrameWork.test_cases.T1" name="orderverify" time="7.386"/>
  <system-out/>
</testsuite> <!-- FrameWork.test_cases.T1 -->
